Assembler report for PS1
Fri Oct 16 15:04:31 2020
Quartus Prime Version 17.0.0 Build 595 04/25/2017 SJ Standard Edition


---------------------
; Table of Contents ;
---------------------
  1. Legal Notice
  2. Assembler Summary
  3. Assembler Settings
  4. Assembler Encrypted IP Cores Summary
  5. Assembler Generated Files
  6. Assembler Device Options: C:/psx_gpu_test_copy/output_files/PS1.sof
  7. Assembler Device Options: C:/psx_gpu_test_copy/output_files/PS1.rbf
  8. Assembler Messages



----------------
; Legal Notice ;
----------------
Copyright (C) 2017  Intel Corporation. All rights reserved.
Your use of Intel Corporation's design tools, logic functions 
and other software and tools, and its AMPP partner logic 
functions, and any output files from any of the foregoing 
(including device programming or simulation files), and any 
associated documentation or information are expressly subject 
to the terms and conditions of the Intel Program License 
Subscription Agreement, the Intel Quartus Prime License Agreement,
the Intel MegaCore Function License Agreement, or other 
applicable license agreement, including, without limitation, 
that your use is for the sole purpose of programming logic 
devices manufactured by Intel and sold by Intel or its 
authorized distributors.  Please refer to the applicable 
agreement for further details.



+---------------------------------------------------------------+
; Assembler Summary                                             ;
+-----------------------+---------------------------------------+
; Assembler Status      ; Successful - Fri Oct 16 15:04:31 2020 ;
; Revision Name         ; PS1                                   ;
; Top-level Entity Name ; sys_top                               ;
; Family                ; Cyclone V                             ;
; Device                ; 5CSEBA6U23I7                          ;
+-----------------------+---------------------------------------+


+----------------------------------+
; Assembler Settings               ;
+--------+---------+---------------+
; Option ; Setting ; Default Value ;
+--------+---------+---------------+


+------------------------------------------------+
; Assembler Encrypted IP Cores Summary           ;
+--------+------------------------+--------------+
; Vendor ; IP Core Name           ; License Type ;
+--------+------------------------+--------------+
; Altera ; Signal Tap (6AF7 BCE1) ; Licensed     ;
; Altera ; Signal Tap (6AF7 BCEC) ; Licensed     ;
+--------+------------------------+--------------+


+-------------------------------------------+
; Assembler Generated Files                 ;
+-------------------------------------------+
; File Name                                 ;
+-------------------------------------------+
; C:/psx_gpu_test_copy/output_files/PS1.sof ;
; C:/psx_gpu_test_copy/output_files/PS1.rbf ;
+-------------------------------------------+


+---------------------------------------------------------------------+
; Assembler Device Options: C:/psx_gpu_test_copy/output_files/PS1.sof ;
+----------------+----------------------------------------------------+
; Option         ; Setting                                            ;
+----------------+----------------------------------------------------+
; JTAG usercode  ; 0x0C1F04C4                                         ;
; Checksum       ; 0x0C1F04C4                                         ;
+----------------+----------------------------------------------------+


+---------------------------------------------------------------------+
; Assembler Device Options: C:/psx_gpu_test_copy/output_files/PS1.rbf ;
+---------------------+-----------------------------------------------+
; Option              ; Setting                                       ;
+---------------------+-----------------------------------------------+
; Raw Binary File     ;                                               ;
;  Compression Ratio  ; 1                                             ;
+---------------------+-----------------------------------------------+


+--------------------+
; Assembler Messages ;
+--------------------+
Info: *******************************************************************
Info: Running Quartus Prime Assembler
    Info: Version 17.0.0 Build 595 04/25/2017 SJ Standard Edition
    Info: Processing started: Fri Oct 16 15:03:57 2020
Info: Command: quartus_asm --read_settings_files=off --write_settings_files=off PS1 -c PS1
Warning (125092): Tcl Script File rtl/pll.qip not found
    Info (125063): set_global_assignment -name QIP_FILE rtl/pll.qip -qip sys/pll_q17.qip
Warning (125092): Tcl Script File rtl/65C816/65C816.qip not found
    Info (125063): set_global_assignment -name QIP_FILE rtl/65C816/65C816.qip
Warning (125092): Tcl Script File rtl/SPC700/SPC700.qip not found
    Info (125063): set_global_assignment -name QIP_FILE rtl/SPC700/SPC700.qip
Warning (125092): Tcl Script File rtl/chip/chip.qip not found
    Info (125063): set_global_assignment -name QIP_FILE rtl/chip/chip.qip
Warning (125092): Tcl Script File rtl/submodules/pll_q17.qip not found
    Info (125063): set_global_assignment -name QIP_FILE rtl/submodules/pll_q17.qip -qip rtl/submodules/submodules.qip
Warning (125092): Tcl Script File rtl/pll.qip not found
    Info (125063): set_global_assignment -name QIP_FILE rtl/pll.qip -qip sys/pll_q17.qip
Info (115030): Assembler is generating device programming files
Info: Quartus Prime Assembler was successful. 0 errors, 6 warnings
    Info: Peak virtual memory: 5332 megabytes
    Info: Processing ended: Fri Oct 16 15:04:32 2020
    Info: Elapsed time: 00:00:35
    Info: Total CPU time (on all processors): 00:00:32


